<?xml version="1.0" encoding="UTF-8"?>
<!-- Generated by org.testng.reporters.JUnitXMLReporter -->
<testsuite ignored="0" hostname="DESKTOP-LJ83OEQ" failures="1" tests="19" name="Test" time="154.316" errors="0" timestamp="2024-02-21T13:38:55 GMT-06:00">
  <testcase classname="testcases.Product_Testcase" name="Login" time="3.245"/>
  <testcase classname="testcases.Product_Testcase" name="Product_page" time="0.159"/>
  <testcase classname="testcases.Product_Testcase" name="Product_visibile" time="0.436"/>
  <testcase classname="testcases.Product_Testcase" name="Click_on_product" time="26.133"/>
  <testcase classname="testcases.Add_to_Cart_TC" name="Login" time="2.887"/>
  <testcase classname="testcases.Add_to_Cart_TC" name="Add_to_cart" time="13.378"/>
  <testcase classname="testcases.Add_to_Cart_TC" name="RemoveBtn" time="13.562"/>
  <testcase classname="testcases.Remove_from_Cart_TC" name="Login" time="3.035"/>
  <testcase classname="testcases.Remove_from_Cart_TC" name="RemoveBtn" time="27.319"/>
  <testcase classname="testcases.Backbtn_tc" name="Login" time="3.191"/>
  <testcase classname="testcases.Backbtn_tc" name="ProdPageAction" time="2.434"/>
  <testcase classname="testcases.Backbtn_tc" name="Verify_Redirect_Link" time="0.189"/>
  <testcase classname="testcases.login_Testcase" name="reg_user" time="0.177">
    <failure type="java.lang.IllegalArgumentException" message="Keys to send should be a not null CharSequence">
      <![CDATA[java.lang.IllegalArgumentException: Keys to send should be a not null CharSequence
at org.openqa.selenium.remote.RemoteWebElement.sendKeys(RemoteWebElement.java:97)
at org.openqa.selenium.support.pagefactory.internal.LocatingElementHandler.invoke(LocatingElementHandler.java:51)
at jdk.proxy2/jdk.proxy2.$Proxy14.sendKeys(Unknown Source)
at page_elements.Login.Login(Login.java:43)
at testcases.login_Testcase.reg_user(login_Testcase.java:36)
at java.base/java.util.ArrayList.forEach(ArrayList.java:1511)
... Removed 31 stack frames]]>
    </failure>
  </testcase> <!-- reg_user -->
  <testcase classname="testcases.login_Testcase" name="reg_user" time="4.884"/>
  <testcase classname="testcases.login_Testcase" name="reg_user" time="3.041"/>
  <testcase classname="testcases.login_Testcase" name="reg_user" time="4.719"/>
  <testcase classname="testcases.login_Testcase" name="reg_user" time="9.771"/>
  <testcase classname="testcases.login_Testcase" name="reg_user" time="4.655"/>
  <testcase classname="testcases.login_Testcase" name="reg_user" time="4.899"/>
</testsuite> <!-- Test -->
